#
# A fatal error has been detected by the Java Runtime Environment:
#
#  EXCEPTION_ACCESS_VIOLATION (0xc0000005) at pc=0x00000000284e2d76, pid=3584, tid=4320
#
# JRE version: 7.0_11-b21
# Java VM: Java HotSpot(TM) 64-Bit Server VM (23.6-b04 mixed mode windows-amd64 compressed oops)
# Problematic frame:
# J  com.jniwrapper.g.readPointer(I)J
#
# Failed to write core dump. Minidumps are not enabled by default on client versions of Windows
#
# If you would like to submit a bug report, please visit:
#   http://bugreport.sun.com/bugreport/crash.jsp
#

---------------  T H R E A D  ---------------

Current thread (0x000000005f879800):  JavaThread "Main message loop" daemon [_thread_in_Java, id=4320, stack(0x0000000104000000,0x0000000108000000)]

siginfo: ExceptionCode=0xc0000005, reading address 0x0000000080004005

Registers:
RAX=0x00000000e3a9f8e0, RBX=0x00000000e3a9f8e0, RCX=0x00000000fb31e2d8, RDX=0x00000000fb31e258
RSP=0x0000000107fe4740, RBP=0x0000000107fe47d8, RSI=0x00000000e3beb3c8, RDI=0x0000000000000001
R8 =0x0000000000000000, R9 =0x0000000000000001, R10=0x0000000080004005, R11=0x0000000000000000
R12=0x0000000000000000, R13=0x0000000107fe4788, R14=0x0000000107fe47e8, R15=0x000000005f879800
RIP=0x00000000284e2d76, EFLAGS=0x0000000000010246

Top of Stack: (sp=0x0000000107fe4740)
0x0000000107fe4740:   0000000000000001 00000000e3beb3c8
0x0000000107fe4750:   0000000107fe47d8 000000002815d98c
0x0000000107fe4760:   000000005f879800 00000000000000b9
0x0000000107fe4770:   0000000107fe47d8 00000000281469c3
0x0000000107fe4780:   00000000281469c3 0000000000000000
0x0000000107fe4790:   00000000fb31e258 0000000107fe4798
0x0000000107fe47a0:   00000000e3be7ab8 0000000107fe47e8
0x0000000107fe47b0:   00000000e3bfad08 0000000000000000
0x0000000107fe47c0:   00000000e3be7ac8 0000000107fe4788
0x0000000107fe47d0:   0000000107fe47e8 0000000107fe4838
0x0000000107fe47e0:   0000000028146315 00000000fb2b3fa0
0x0000000107fe47f0:   00000000fb2b3fa0 0000000107fe47f8
0x0000000107fe4800:   00000000e3be78d2 0000000107fe4870
0x0000000107fe4810:   00000000e3bfad08 0000000000000000
0x0000000107fe4820:   00000000e3be78e8 0000000107fe47e8
0x0000000107fe4830:   0000000107fe4880 0000000107fe48f8 

Instructions: (pc=0x00000000284e2d76)
0x00000000284e2d56:   00 00 00 44 8b 51 1c 45 2b d0 41 83 fa 08 0f 8c
0x00000000284e2d66:   ee 00 00 00 4c 8b 51 10 44 0f b6 49 2a 4d 63 d8
0x00000000284e2d76:   4b 8b 04 1a 45 85 c9 0f 84 e6 00 00 00 48 83 c4
0x00000000284e2d86:   30 5d 85 05 72 d2 06 e0 c3 41 81 f9 58 2b 16 e0 


Register to memory mapping:

RAX=0x00000000e3a9f8e0 is an oop
{method} 
 - klass: {other class}
RBX=0x00000000e3a9f8e0 is an oop
{method} 
 - klass: {other class}
RCX=0x00000000fb31e2d8 is an oop
java.nio.DirectByteBuffer 
 - klass: 'java/nio/DirectByteBuffer'
RDX=0x00000000fb31e258 is an oop
com.jniwrapper.v 
 - klass: 'com/jniwrapper/v'
RSP=0x0000000107fe4740 is pointing into the stack for thread: 0x000000005f879800
RBP=0x0000000107fe47d8 is pointing into the stack for thread: 0x000000005f879800
RSI=0x00000000e3beb3c8 is an oop
{instance class} 
 - klass: {other class}
RDI=0x0000000000000001 is an unknown value
R8 =0x0000000000000000 is an unknown value
R9 =0x0000000000000001 is an unknown value
R10=0x0000000080004005 is pointing into the stack for thread: 0x000000005d5a9800
R11=0x0000000000000000 is an unknown value
R12=0x0000000000000000 is an unknown value
R13=0x0000000107fe4788 is pointing into the stack for thread: 0x000000005f879800
R14=0x0000000107fe47e8 is pointing into the stack for thread: 0x000000005f879800
R15=0x000000005f879800 is a thread


Stack: [0x0000000104000000,0x0000000108000000],  sp=0x0000000107fe4740,  free space=65425k
Native frames: (J=compiled Java code, j=interpreted, Vv=VM code, C=native code)
J  com.jniwrapper.g.readPointer(I)J
j  com.jniwrapper.win32.automation.types.SafeArray.acceptIOPerformer(Lcom/jniwrapper/IOPerformer;Lcom/jniwrapper/DataBuffer;IZZ)V+18
J  com.jniwrapper.Pointer.readReferencedObject(Z)V
j  com.jniwrapper.win32.automation.types.Variant.b(Lcom/jniwrapper/DataBuffer;IZILcom/jniwrapper/Parameter;)V+61
j  com.jniwrapper.win32.automation.types.Variant.read(Lcom/jniwrapper/DataBuffer;IZ)V+35
j  com.jniwrapper.win32.automation.types.Variant.acceptIOPerformer(Lcom/jniwrapper/IOPerformer;Lcom/jniwrapper/DataBuffer;IZZ)V+21


---------------  P R O C E S S  ---------------

Java Threads: ( => current thread )
  0x000000005f877000 JavaThread "Code Analyzer updating thread" [_thread_blocked, id=5456, stack(0x000000011c000000,0x0000000120000000)]
  0x000000005f875000 JavaThread "Browser Events Thread" daemon [_thread_blocked, id=1800, stack(0x0000000100000000,0x0000000104000000)]
=>0x000000005f879800 JavaThread "Main message loop" daemon [_thread_in_Java, id=4320, stack(0x0000000104000000,0x0000000108000000)]
  0x000000005f86d800 JavaThread "Code Analyzer updating thread" [_thread_blocked, id=1228, stack(0x0000000120000000,0x0000000124000000)]
  0x000000005f873800 JavaThread "Browser Events Thread" daemon [_thread_blocked, id=4892, stack(0x00000000bc000000,0x00000000c0000000)]
  0x000000005f876800 JavaThread "Main message loop" daemon [_thread_in_native, id=4708, stack(0x00000000d4000000,0x00000000d8000000)]
  0x000000005f874000 JavaThread "Code Analyzer updating thread" [_thread_blocked, id=3500, stack(0x000000000f010000,0x0000000013010000)]
  0x000000005f875800 JavaThread "Code Analyzer updating thread" [_thread_blocked, id=3448, stack(0x0000000108000000,0x000000010c000000)]
  0x000000005f871000 JavaThread "Swing-Shell" daemon [_thread_blocked, id=4820, stack(0x0000000110000000,0x0000000114000000)]
  0x000000005db7a800 JavaThread "Timer-2" daemon [_thread_blocked, id=2004, stack(0x00000000c8000000,0x00000000cc000000)]
  0x000000005db76000 JavaThread "com.jniwrapper.NativeResourceCollector" daemon [_thread_blocked, id=2864, stack(0x0000000094000000,0x0000000098000000)]
  0x000000005db74800 JavaThread "Prefs Updater" daemon [_thread_blocked, id=2448, stack(0x00000000b4000000,0x00000000b8000000)]
  0x000000005db7d800 JavaThread "Foxtrot Single Worker Thread #1" daemon [_thread_blocked, id=1232, stack(0x00000000b8000000,0x00000000bc000000)]
  0x000000005f86c800 JavaThread "Active Reference Queue Daemon" daemon [_thread_blocked, id=3244, stack(0x0000000118000000,0x000000011c000000)]
  0x000000005f86b000 JavaThread "Timer-1" daemon [_thread_blocked, id=3608, stack(0x0000000114000000,0x0000000118000000)]
  0x000000005db7c800 JavaThread "ClipboardMonitor Timer" daemon [_thread_blocked, id=3952, stack(0x00000000dc000000,0x00000000e0000000)]
  0x000000005db7c000 JavaThread "Explorer NavigationContext request queue" daemon [_thread_blocked, id=4544, stack(0x00000000d8000000,0x00000000dc000000)]
  0x000000005db77800 JavaThread "AddressBar directory emptiness poller" daemon [_thread_blocked, id=4796, stack(0x00000000d0000000,0x00000000d4000000)]
  0x000000005db79000 JavaThread "Explorer Refresh Service 446960888" daemon [_thread_blocked, id=920, stack(0x00000000cc000000,0x00000000d0000000)]
  0x000000005f86e000 JavaThread "Thread-4" daemon [_thread_blocked, id=2276, stack(0x00000000c0000000,0x00000000c4000000)]
  0x000000005db73000 JavaThread "TimerQueue" daemon [_thread_blocked, id=1060, stack(0x00000000b0000000,0x00000000b4000000)]
  0x000000005db72000 JavaThread "Thread-3" daemon [_thread_blocked, id=2612, stack(0x00000000a0000000,0x00000000a4000000)]
  0x000000005db71800 JavaThread "AWT-EventQueue-0" [_thread_blocked, id=1940, stack(0x000000009c000000,0x00000000a0000000)]
  0x000000005db70800 JavaThread "AWT-Shutdown" [_thread_blocked, id=4132, stack(0x000000008c000000,0x0000000090000000)]
  0x000000005db41000 JavaThread "FelixPackageAdmin" daemon [_thread_blocked, id=1636, stack(0x00000000ac000000,0x00000000b0000000)]
  0x000000005da75800 JavaThread "FelixStartLevel" daemon [_thread_blocked, id=1560, stack(0x00000000a8000000,0x00000000ac000000)]
  0x000000005da1f800 JavaThread "FelixDispatchQueue" daemon [_thread_blocked, id=2920, stack(0x00000000a4000000,0x00000000a8000000)]
  0x000000005d914000 JavaThread "com.google.common.base.internal.Finalizer" daemon [_thread_blocked, id=4556, stack(0x0000000098000000,0x000000009c000000)]
  0x000000005d7c2800 JavaThread "AWT-Windows" daemon [_thread_in_native, id=3944, stack(0x0000000090000000,0x0000000094000000)]
  0x000000005d7a2800 JavaThread "Java2D Disposer" daemon [_thread_blocked, id=3836, stack(0x0000000088000000,0x000000008c000000)]
  0x000000005d6f3800 JavaThread "Timer-0" [_thread_blocked, id=1312, stack(0x0000000084000000,0x0000000088000000)]
  0x000000005d5a9800 JavaThread "EventMgr Dispatcher" daemon [_thread_in_native, id=4092, stack(0x0000000080000000,0x0000000084000000)]
  0x0000000027bee800 JavaThread "Service Thread" daemon [_thread_blocked, id=1556, stack(0x0000000070000000,0x0000000074000000)]
  0x0000000027beb000 JavaThread "C2 CompilerThread1" daemon [_thread_blocked, id=4624, stack(0x0000000059350000,0x000000005d350000)]
  0x0000000027be7000 JavaThread "C2 CompilerThread0" daemon [_thread_blocked, id=2476, stack(0x0000000055350000,0x0000000059350000)]
  0x0000000027be6000 JavaThread "Attach Listener" daemon [_thread_blocked, id=3832, stack(0x0000000051350000,0x0000000055350000)]
  0x0000000027b78000 JavaThread "Finalizer" daemon [_thread_blocked, id=3804, stack(0x000000004d350000,0x0000000051350000)]
  0x0000000027b6e000 JavaThread "Reference Handler" daemon [_thread_blocked, id=3588, stack(0x0000000049350000,0x000000004d350000)]
  0x0000000027981000 JavaThread "main" [_thread_in_native, id=3632, stack(0x0000000000030000,0x0000000004030000)]

Other Threads:
  0x0000000027b59000 VMThread [stack: 0x0000000045350000,0x0000000049350000] [id=972]
  0x0000000027ccf800 WatcherThread [stack: 0x0000000077060000,0x000000007b060000] [id=2488]

VM state:not at safepoint (normal execution)

VM Mutex/Monitor currently owned by a thread: None

Heap
 PSYoungGen      total 32640K, used 22485K [0x00000000fa000000, 0x00000000fd520000, 0x0000000100000000)
  eden space 29824K, 65% used [0x00000000fa000000,0x00000000fb336a18,0x00000000fbd20000)
  from space 2816K, 99% used [0x00000000fbe10000,0x00000000fc0ceb40,0x00000000fc0d0000)
  to   space 12288K, 0% used [0x00000000fc920000,0x00000000fc920000,0x00000000fd520000)
 ParOldGen       total 78912K, used 53308K [0x00000000e8000000, 0x00000000ecd10000, 0x00000000fa000000)
  object space 78912K, 67% used [0x00000000e8000000,0x00000000eb40f200,0x00000000ecd10000)
 PSPermGen       total 121600K, used 67794K [0x00000000e0000000, 0x00000000e76c0000, 0x00000000e8000000)
  object space 121600K, 55% used [0x00000000e0000000,0x00000000e4234b40,0x00000000e76c0000)

Card table byte_map: [0x0000000009a30000,0x0000000009b40000] byte_map_base: 0x0000000009330000

Polling page: 0x0000000008550000

Code Cache  [0x0000000028140000, 0x00000000287a0000, 0x000000002b140000)
 total_blobs=2829 nmethods=2123 adapters=654 free_code_cache=42879Kb largest_free_block=43681216

Compilation events (10 events):
Event: 4910.517 Thread 0x0000000027beb000 2293             java.util.concurrent.locks.AbstractQueuedSynchronizer::enq (58 bytes)
Event: 4910.522 Thread 0x0000000027beb000 nmethod 2293 0x00000000284780d0 code [0x0000000028478220, 0x00000000284783e8]
Event: 4929.102 Thread 0x0000000027be7000 2294             javax.swing.JComponent::getGraphics (33 bytes)
Event: 4929.102 Thread 0x0000000027beb000 2295             javax.swing.JComponent::shouldDebugGraphics (5 bytes)
Event: 4929.109 Thread 0x0000000027beb000 nmethod 2295 0x00000000285cbb50 code [0x00000000285cbcc0, 0x00000000285cbeb8]
Event: 4929.110 Thread 0x0000000027be7000 nmethod 2294 0x0000000028472950 code [0x0000000028472ae0, 0x0000000028472d28]
Event: 4945.563 Thread 0x0000000027beb000 2296             java.util.concurrent.locks.AbstractQueuedSynchronizer::transferForSignal (45 bytes)
Event: 4945.570 Thread 0x0000000027beb000 nmethod 2296 0x0000000028472410 code [0x0000000028472580, 0x00000000284727b8]
Event: 4964.099 Thread 0x0000000027be7000 2297             com.mathworks.widgets.desk.DTProperty::equals (30 bytes)
Event: 4964.102 Thread 0x0000000027be7000 nmethod 2297 0x0000000028472010 code [0x0000000028472160, 0x00000000284722f8]

GC Heap History (10 events):
Event: 4751.677 GC heap before
{Heap before GC invocations=74 (full 2):
 PSYoungGen      total 40320K, used 39789K [0x00000000fa000000, 0x00000000fd6c0000, 0x0000000100000000)
  eden space 29632K, 100% used [0x00000000fa000000,0x00000000fbcf0000,0x00000000fbcf0000)
  from space 10688K, 95% used [0x00000000fbcf0000,0x00000000fc6db630,0x00000000fc760000)
  to   space 11456K, 0% used [0x00000000fcb90000,0x00000000fcb90000,0x00000000fd6c0000)
 ParOldGen       total 69952K, used 60667K [0x00000000e8000000, 0x00000000ec450000, 0x00000000fa000000)
  object space 69952K, 86% used [0x00000000e8000000,0x00000000ebb3ed88,0x00000000ec450000)
 PSPermGen       total 114432K, used 67761K [0x00000000e0000000, 0x00000000e6fc0000, 0x00000000e8000000)
  object space 114432K, 59% used [0x00000000e0000000,0x00000000e422c498,0x00000000e6fc0000)
Event: 4751.686 GC heap after
Heap after GC invocations=74 (full 2):
 PSYoungGen      total 44224K, used 2636K [0x00000000fa000000, 0x00000000fd720000, 0x0000000100000000)
  eden space 32768K, 0% used [0x00000000fa000000,0x00000000fa000000,0x00000000fc000000)
  from space 11456K, 23% used [0x00000000fcb90000,0x00000000fce233d0,0x00000000fd6c0000)
  to   space 11840K, 0% used [0x00000000fc000000,0x00000000fc000000,0x00000000fcb90000)
 ParOldGen       total 73536K, used 71408K [0x00000000e8000000, 0x00000000ec7d0000, 0x00000000fa000000)
  object space 73536K, 97% used [0x00000000e8000000,0x00000000ec5bc268,0x00000000ec7d0000)
 PSPermGen       total 114432K, used 67761K [0x00000000e0000000, 0x00000000e6fc0000, 0x00000000e8000000)
  object space 114432K, 59% used [0x00000000e0000000,0x00000000e422c498,0x00000000e6fc0000)
}
Event: 4751.686 GC heap before
{Heap before GC invocations=75 (full 3):
 PSYoungGen      total 44224K, used 2636K [0x00000000fa000000, 0x00000000fd720000, 0x0000000100000000)
  eden space 32768K, 0% used [0x00000000fa000000,0x00000000fa000000,0x00000000fc000000)
  from space 11456K, 23% used [0x00000000fcb90000,0x00000000fce233d0,0x00000000fd6c0000)
  to   space 11840K, 0% used [0x00000000fc000000,0x00000000fc000000,0x00000000fcb90000)
 ParOldGen       total 73536K, used 71408K [0x00000000e8000000, 0x00000000ec7d0000, 0x00000000fa000000)
  object space 73536K, 97% used [0x00000000e8000000,0x00000000ec5bc268,0x00000000ec7d0000)
 PSPermGen       total 114432K, used 67761K [0x00000000e0000000, 0x00000000e6fc0000, 0x00000000e8000000)
  object space 114432K, 59% used [0x00000000e0000000,0x00000000e422c498,0x00000000e6fc0000)
Event: 4751.842 GC heap after
Heap after GC invocations=75 (full 3):
 PSYoungGen      total 44224K, used 0K [0x00000000fa000000, 0x00000000fd720000, 0x0000000100000000)
  eden space 32768K, 0% used [0x00000000fa000000,0x00000000fa000000,0x00000000fc000000)
  from space 11456K, 0% used [0x00000000fcb90000,0x00000000fcb90000,0x00000000fd6c0000)
  to   space 11840K, 0% used [0x00000000fc000000,0x00000000fc000000,0x00000000fcb90000)
 ParOldGen       total 78912K, used 53308K [0x00000000e8000000, 0x00000000ecd10000, 0x00000000fa000000)
  object space 78912K, 67% used [0x00000000e8000000,0x00000000eb40f200,0x00000000ecd10000)
 PSPermGen       total 121600K, used 67679K [0x00000000e0000000, 0x00000000e76c0000, 0x00000000e8000000)
  object space 121600K, 55% used [0x00000000e0000000,0x00000000e4217f48,0x00000000e76c0000)
}
Event: 4786.438 GC heap before
{Heap before GC invocations=76 (full 3):
 PSYoungGen      total 44224K, used 32768K [0x00000000fa000000, 0x00000000fd720000, 0x0000000100000000)
  eden space 32768K, 100% used [0x00000000fa000000,0x00000000fc000000,0x00000000fc000000)
  from space 11456K, 0% used [0x00000000fcb90000,0x00000000fcb90000,0x00000000fd6c0000)
  to   space 11840K, 0% used [0x00000000fc000000,0x00000000fc000000,0x00000000fcb90000)
 ParOldGen       total 78912K, used 53308K [0x00000000e8000000, 0x00000000ecd10000, 0x00000000fa000000)
  object space 78912K, 67% used [0x00000000e8000000,0x00000000eb40f200,0x00000000ecd10000)
 PSPermGen       total 121600K, used 67712K [0x00000000e0000000, 0x00000000e76c0000, 0x00000000e8000000)
  object space 121600K, 55% used [0x00000000e0000000,0x00000000e4220240,0x00000000e76c0000)
Event: 4786.442 GC heap after
Heap after GC invocations=76 (full 3):
 PSYoungGen      total 33664K, used 1857K [0x00000000fa000000, 0x00000000fd6e0000, 0x0000000100000000)
  eden space 31744K, 0% used [0x00000000fa000000,0x00000000fa000000,0x00000000fbf00000)
  from space 1920K, 96% used [0x00000000fc000000,0x00000000fc1d05f0,0x00000000fc1e0000)
  to   space 12224K, 0% used [0x00000000fcaf0000,0x00000000fcaf0000,0x00000000fd6e0000)
 ParOldGen       total 78912K, used 53308K [0x00000000e8000000, 0x00000000ecd10000, 0x00000000fa000000)
  object space 78912K, 67% used [0x00000000e8000000,0x00000000eb40f200,0x00000000ecd10000)
 PSPermGen       total 121600K, used 67712K [0x00000000e0000000, 0x00000000e76c0000, 0x00000000e8000000)
  object space 121600K, 55% used [0x00000000e0000000,0x00000000e4220240,0x00000000e76c0000)
}
Event: 4799.114 GC heap before
{Heap before GC invocations=77 (full 3):
 PSYoungGen      total 33664K, used 33601K [0x00000000fa000000, 0x00000000fd6e0000, 0x0000000100000000)
  eden space 31744K, 100% used [0x00000000fa000000,0x00000000fbf00000,0x00000000fbf00000)
  from space 1920K, 96% used [0x00000000fc000000,0x00000000fc1d05f0,0x00000000fc1e0000)
  to   space 12224K, 0% used [0x00000000fcaf0000,0x00000000fcaf0000,0x00000000fd6e0000)
 ParOldGen       total 78912K, used 53308K [0x00000000e8000000, 0x00000000ecd10000, 0x00000000fa000000)
  object space 78912K, 67% used [0x00000000e8000000,0x00000000eb40f200,0x00000000ecd10000)
 PSPermGen       total 121600K, used 67767K [0x00000000e0000000, 0x00000000e76c0000, 0x00000000e8000000)
  object space 121600K, 55% used [0x00000000e0000000,0x00000000e422dee8,0x00000000e76c0000)
Event: 4799.119 GC heap after
Heap after GC invocations=77 (full 3):
 PSYoungGen      total 42432K, used 1936K [0x00000000fa000000, 0x00000000fd650000, 0x0000000100000000)
  eden space 30784K, 0% used [0x00000000fa000000,0x00000000fa000000,0x00000000fbe10000)
  from space 11648K, 16% used [0x00000000fcaf0000,0x00000000fccd4118,0x00000000fd650000)
  to   space 12416K, 0% used [0x00000000fbe10000,0x00000000fbe10000,0x00000000fca30000)
 ParOldGen       total 78912K, used 53308K [0x00000000e8000000, 0x00000000ecd10000, 0x00000000fa000000)
  object space 78912K, 67% used [0x00000000e8000000,0x00000000eb40f200,0x00000000ecd10000)
 PSPermGen       total 121600K, used 67767K [0x00000000e0000000, 0x00000000e76c0000, 0x00000000e8000000)
  object space 121600K, 55% used [0x00000000e0000000,0x00000000e422dee8,0x00000000e76c0000)
}
Event: 4909.464 GC heap before
{Heap before GC invocations=78 (full 3):
 PSYoungGen      total 42432K, used 32720K [0x00000000fa000000, 0x00000000fd650000, 0x0000000100000000)
  eden space 30784K, 100% used [0x00000000fa000000,0x00000000fbe10000,0x00000000fbe10000)
  from space 11648K, 16% used [0x00000000fcaf0000,0x00000000fccd4118,0x00000000fd650000)
  to   space 12416K, 0% used [0x00000000fbe10000,0x00000000fbe10000,0x00000000fca30000)
 ParOldGen       total 78912K, used 53308K [0x00000000e8000000, 0x00000000ecd10000, 0x00000000fa000000)
  object space 78912K, 67% used [0x00000000e8000000,0x00000000eb40f200,0x00000000ecd10000)
 PSPermGen       total 121600K, used 67784K [0x00000000e0000000, 0x00000000e76c0000, 0x00000000e8000000)
  object space 121600K, 55% used [0x00000000e0000000,0x00000000e4232028,0x00000000e76c0000)
Event: 4909.476 GC heap after
Heap after GC invocations=78 (full 3):
 PSYoungGen      total 32640K, used 2810K [0x00000000fa000000, 0x00000000fd520000, 0x0000000100000000)
  eden space 29824K, 0% used [0x00000000fa000000,0x00000000fa000000,0x00000000fbd20000)
  from space 2816K, 99% used [0x00000000fbe10000,0x00000000fc0ceb40,0x00000000fc0d0000)
  to   space 12288K, 0% used [0x00000000fc920000,0x00000000fc920000,0x00000000fd520000)
 ParOldGen       total 78912K, used 53308K [0x00000000e8000000, 0x00000000ecd10000, 0x00000000fa000000)
  object space 78912K, 67% used [0x00000000e8000000,0x00000000eb40f200,0x00000000ecd10000)
 PSPermGen       total 121600K, used 67784K [0x00000000e0000000, 0x00000000e76c0000, 0x00000000e8000000)
  object space 121600K, 55% used [0x00000000e0000000,0x00000000e4232028,0x00000000e76c0000)
}

Deoptimization events (10 events):
Event: 3917.394 Thread 0x000000005db71800 Uncommon trap -12 fr.pc 0x00000000285afdc8
Event: 4603.222 Thread 0x000000005db71800 Uncommon trap -12 fr.pc 0x000000002841cf64
Event: 4603.222 Thread 0x000000005db71800 Uncommon trap -12 fr.pc 0x000000002841c98c
Event: 4603.226 Thread 0x000000005db71800 Uncommon trap -83 fr.pc 0x00000000283bd020
Event: 4751.842 Thread 0x0000000027b6e000 Uncommon trap -34 fr.pc 0x000000002831a450
Event: 4786.483 Thread 0x000000005db71800 Uncommon trap -58 fr.pc 0x000000002866ef2c
Event: 4786.483 Thread 0x000000005db71800 Uncommon trap -58 fr.pc 0x000000002866ef2c
Event: 4788.395 Thread 0x000000005db71800 Uncommon trap -83 fr.pc 0x000000002875f4a8
Event: 4799.131 Thread 0x000000005db71800 Uncommon trap -42 fr.pc 0x0000000028440240
Event: 4799.132 Thread 0x000000005db71800 Uncommon trap -42 fr.pc 0x0000000028440240

Internal exceptions (10 events):
Event: 4796.960 Thread 0x0000000027981000 Threw 0x00000000fb222298 at C:\jdk7u1_64p\jdk7u11\hotspot\src\share\vm\prims\jvm.cpp:1166
Event: 4796.960 Thread 0x0000000027981000 Threw 0x00000000fb2226c8 at C:\jdk7u1_64p\jdk7u11\hotspot\src\share\vm\prims\jvm.cpp:1166
Event: 4796.960 Thread 0x0000000027981000 Threw 0x00000000fb273150 at C:\jdk7u1_64p\jdk7u11\hotspot\src\share\vm\prims\jvm.cpp:1166
Event: 4796.960 Thread 0x000000005db71800 Threw 0x00000000fb27fd00 at C:\jdk7u1_64p\jdk7u11\hotspot\src\share\vm\prims\jvm.cpp:1166
Event: 4796.962 Thread 0x000000005f878800 Threw 0x00000000fb339738 at C:\jdk7u1_64p\jdk7u11\hotspot\src\share\vm\prims\jni.cpp:716
Event: 4799.107 Thread 0x000000005db7e000 Threw 0x00000000fbe21498 at C:\jdk7u1_64p\jdk7u11\hotspot\src\share\vm\prims\jni.cpp:716
Event: 4830.603 Thread 0x000000005f879800 Threw 0x00000000faa38b48 at C:\jdk7u1_64p\jdk7u11\hotspot\src\share\vm\runtime\reflection.cpp:1039
Event: 4877.391 Thread 0x000000005f879800 Threw 0x00000000fb9e45c8 at C:\jdk7u1_64p\jdk7u11\hotspot\src\share\vm\runtime\reflection.cpp:1039
Event: 4987.700 Thread 0x000000005f879800 Threw 0x00000000fb1f2af8 at C:\jdk7u1_64p\jdk7u11\hotspot\src\share\vm\runtime\reflection.cpp:1039
Event: 4987.720 Thread 0x000000005f879800 Threw 0x00000000fb2b4388 at C:\jdk7u1_64p\jdk7u11\hotspot\src\share\vm\prims\jvm.cpp:1166

Events (10 events):
Event: 4816.339 Thread 0x000000005db75000 Thread added: 0x000000005db75000
Event: 4876.337 Thread 0x000000005db75000 Thread exited: 0x000000005db75000
Event: 4909.463 Executing VM operation: ParallelGCFailedAllocation
Event: 4909.476 Executing VM operation: ParallelGCFailedAllocation done
Event: 4963.391 Executing VM operation: BulkRevokeBias
Event: 4963.391 Executing VM operation: BulkRevokeBias done
Event: 4963.595 Executing VM operation: BulkRevokeBias
Event: 4963.596 Executing VM operation: BulkRevokeBias done
Event: 4987.720 loading class 0x00000000753a6980
Event: 4987.720 loading class 0x00000000753a6980 done


Dynamic libraries:
0x0000000140000000 - 0x0000000140029000 	C:\Program Files\MATLAB\R2013b\bin\win64\MATLAB.exe
0x0000000076e90000 - 0x0000000077039000 	C:\Windows\SYSTEM32\ntdll.dll
0x0000000076c70000 - 0x0000000076d8f000 	C:\Windows\system32\kernel32.dll
0x000007fefd140000 - 0x000007fefd1ab000 	C:\Windows\system32\KERNELBASE.dll
0x000000006f060000 - 0x000000006f3dc000 	C:\Program Files\MATLAB\R2013b\bin\win64\libmwservices.dll
0x000000006fe80000 - 0x000000006ff56000 	C:\Program Files\MATLAB\R2013b\bin\win64\libmwi18n.dll
0x000000006fe70000 - 0x000000006fe7d000 	C:\Program Files\MATLAB\R2013b\bin\win64\libmwresource_core.dll
0x00000000634c0000 - 0x0000000063558000 	C:\Program Files\MATLAB\R2013b\bin\win64\MSVCP100.dll
0x00000000633e0000 - 0x00000000634b2000 	C:\Program Files\MATLAB\R2013b\bin\win64\MSVCR100.dll
0x0000000068780000 - 0x000000006878e000 	C:\Program Files\MATLAB\R2013b\bin\win64\boost_date_time-vc100-mt-1_49.dll
0x00000000635d0000 - 0x00000000635fc000 	C:\Program Files\MATLAB\R2013b\bin\win64\boost_filesystem-vc100-mt-1_49.dll
0x000000006cca0000 - 0x000000006cca9000 	C:\Program Files\MATLAB\R2013b\bin\win64\boost_system-vc100-mt-1_49.dll
0x000007feff0c0000 - 0x000007feff19b000 	C:\Windows\system32\ADVAPI32.dll
0x000007fefdc20000 - 0x000007fefdcbf000 	C:\Windows\system32\msvcrt.dll
0x000007fefd620000 - 0x000007fefd63f000 	C:\Windows\SYSTEM32\sechost.dll
0x000007fefeaf0000 - 0x000007fefec1d000 	C:\Windows\system32\RPCRT4.dll
0x00000000635a0000 - 0x00000000635c5000 	C:\Program Files\MATLAB\R2013b\bin\win64\LIBEXPAT.dll
0x0000000063250000 - 0x00000000633da000 	C:\Program Files\MATLAB\R2013b\bin\win64\icuin49.dll
0x0000000063110000 - 0x000000006324e000 	C:\Program Files\MATLAB\R2013b\bin\win64\icuuc49.dll
0x0000000061fe0000 - 0x0000000063102000 	C:\Program Files\MATLAB\R2013b\bin\win64\icudt49.dll
0x0000000064320000 - 0x0000000064330000 	C:\Program Files\MATLAB\R2013b\bin\win64\icuio49.dll
0x0000000004100000 - 0x00000000041bb000 	C:\Program Files\MATLAB\R2013b\bin\win64\libut.dll
0x000000006f960000 - 0x000000006fb07000 	C:\Program Files\MATLAB\R2013b\bin\win64\libmwfl.dll
0x0000000004310000 - 0x000000000471f000 	C:\Program Files\MATLAB\R2013b\bin\win64\libmwMATLAB_res.dll
0x0000000061f00000 - 0x0000000061fdf000 	C:\Program Files\MATLAB\R2013b\bin\win64\boost_regex-vc100-mt-1_49.dll
0x0000000076d90000 - 0x0000000076e8a000 	C:\Windows\system32\USER32.dll
0x000007fefd6a0000 - 0x000007fefd707000 	C:\Windows\system32\GDI32.dll
0x000007fefd710000 - 0x000007fefd71e000 	C:\Windows\system32\LPK.dll
0x000007fefef00000 - 0x000007fefefc9000 	C:\Windows\system32\USP10.dll
0x0000000063580000 - 0x0000000063591000 	C:\Program Files\MATLAB\R2013b\bin\win64\boost_signals-vc100-mt-1_49.dll
0x0000000063560000 - 0x0000000063571000 	C:\Program Files\MATLAB\R2013b\bin\win64\boost_thread-vc100-mt-1_49.dll
0x0000000061de0000 - 0x0000000061e6c000 	C:\Program Files\MATLAB\R2013b\bin\win64\boost_log-vc100-mt-1_49.dll
0x0000000077050000 - 0x0000000077057000 	C:\Windows\system32\PSAPI.DLL
0x000007fefdbd0000 - 0x000007fefdc1d000 	C:\Windows\system32\WS2_32.dll
0x000007feff0b0000 - 0x000007feff0b8000 	C:\Windows\system32\NSI.dll
0x000007fef58d0000 - 0x000007fef5903000 	C:\Program Files\MATLAB\R2013b\bin\win64\tbb.dll
0x000007fefead0000 - 0x000007fefeae7000 	C:\Windows\system32\imagehlp.dll
0x000007fefbc30000 - 0x000007fefbc5c000 	C:\Windows\system32\POWRPROF.dll
0x000007fefd440000 - 0x000007fefd617000 	C:\Windows\system32\SETUPAPI.dll
0x000007fefd100000 - 0x000007fefd136000 	C:\Windows\system32\CFGMGR32.dll
0x000007fefefd0000 - 0x000007feff0a7000 	C:\Windows\system32\OLEAUT32.dll
0x000007fefecf0000 - 0x000007fefeef3000 	C:\Windows\system32\ole32.dll
0x000007fefd0e0000 - 0x000007fefd0fa000 	C:\Windows\system32\DEVOBJ.dll
0x0000000004720000 - 0x000000000481b000 	C:\Program Files\MATLAB\R2013b\bin\win64\libmx.dll
0x000007fef5920000 - 0x000007fef5948000 	C:\Program Files\MATLAB\R2013b\bin\win64\tbbmalloc.dll
0x0000000061ee0000 - 0x0000000061ef7000 	C:\Program Files\MATLAB\R2013b\bin\win64\zlib1.dll
0x000000006ef00000 - 0x000000006ef4e000 	C:\Program Files\MATLAB\R2013b\bin\win64\libmwregexp.dll
0x000000006eeb0000 - 0x000000006eef7000 	C:\Program Files\MATLAB\R2013b\bin\win64\mpath.dll
0x0000000004820000 - 0x0000000004e48000 	C:\Program Files\MATLAB\R2013b\bin\win64\mlutil.dll
0x000000006e870000 - 0x000000006e8e7000 	C:\Program Files\MATLAB\R2013b\bin\win64\xmlcore.dll
0x0000000061b90000 - 0x0000000061dd1000 	C:\Program Files\MATLAB\R2013b\bin\win64\xerces-c_2_7.dll
0x000000006e5f0000 - 0x000000006e613000 	C:\Program Files\MATLAB\R2013b\bin\win64\libmwMATLAB_settings_res.dll
0x0000000065260000 - 0x0000000065270000 	C:\Program Files\MATLAB\R2013b\bin\win64\boost_iostreams-vc100-mt-1_49.dll
0x0000000061e90000 - 0x0000000061ed6000 	C:\Program Files\MATLAB\R2013b\bin\win64\boost_serialization-vc100-mt-1_49.dll
0x000007fefdcc0000 - 0x000007fefea48000 	C:\Windows\system32\SHELL32.dll
0x000007fefd980000 - 0x000007fefd9f1000 	C:\Windows\system32\SHLWAPI.dll
0x000000006e580000 - 0x000000006e586000 	C:\Program Files\MATLAB\R2013b\bin\win64\libmwnativedisplay.dll
0x00000000685f0000 - 0x000000006863d000 	C:\Program Files\MATLAB\R2013b\bin\win64\opccore.dll
0x00000000684f0000 - 0x00000000685c6000 	C:\Program Files\MATLAB\R2013b\bin\win64\opcmodel.dll
0x00000000684c0000 - 0x00000000684ed000 	C:\Program Files\MATLAB\R2013b\bin\win64\opczippackage.dll
0x0000000061e80000 - 0x0000000061e8e000 	C:\Program Files\MATLAB\R2013b\bin\win64\libminizip.dll
0x0000000068340000 - 0x00000000683a6000 	C:\Program Files\MATLAB\R2013b\bin\win64\opcmwservices.dll
0x000007fef9440000 - 0x000007fef94e0000 	C:\Windows\WinSxS\amd64_microsoft.windows.common-controls_6595b64144ccf1df_5.82.7601.17514_none_a4d6a923711520a9\COMCTL32.dll
0x000007fefec50000 - 0x000007fefece7000 	C:\Windows\system32\COMDLG32.dll
0x000007fefa0b0000 - 0x000007fefa0c6000 	C:\Windows\system32\NETAPI32.dll
0x000007fefa0a0000 - 0x000007fefa0ac000 	C:\Windows\system32\netutils.dll
0x000007fefc8f0000 - 0x000007fefc913000 	C:\Windows\system32\srvcli.dll
0x000007fefa080000 - 0x000007fefa095000 	C:\Windows\system32\wkscli.dll
0x000000006e4d0000 - 0x000000006e57d000 	C:\Program Files\MATLAB\R2013b\bin\win64\mcr.dll
0x000000006e110000 - 0x000000006e4d0000 	C:\Program Files\MATLAB\R2013b\bin\win64\iqm.dll
0x0000000180000000 - 0x00000001800c2000 	C:\Program Files\MATLAB\R2013b\bin\win64\m_dispatcher.dll
0x0000000004e50000 - 0x000000000564b000 	C:\Program Files\MATLAB\R2013b\bin\win64\m_interpreter.dll
0x000000006d760000 - 0x000000006d784000 	C:\Program Files\MATLAB\R2013b\bin\win64\libmex.dll
0x000000006d6e0000 - 0x000000006d75b000 	C:\Program Files\MATLAB\R2013b\bin\win64\profiler.dll
0x000000006d450000 - 0x000000006d5c8000 	C:\Program Files\MATLAB\R2013b\bin\win64\libmwmathutil.dll
0x000000006d420000 - 0x000000006d447000 	C:\Program Files\MATLAB\R2013b\bin\win64\libmwmathrng.dll
0x000000006d410000 - 0x000000006d420000 	C:\Program Files\MATLAB\R2013b\bin\win64\libmwmfl_rng.dll
0x0000000005650000 - 0x0000000005768000 	C:\Program Files\MATLAB\R2013b\bin\win64\libmwmathcore.dll
0x000000006d2b0000 - 0x000000006d313000 	C:\Program Files\MATLAB\R2013b\bin\win64\libmwspmatrix.dll
0x0000000005770000 - 0x00000000059d2000 	C:\Program Files\MATLAB\R2013b\bin\win64\mcos.dll
0x000000006cfc0000 - 0x000000006d01c000 	C:\Program Files\MATLAB\R2013b\bin\win64\libmwcholmod.dll
0x000000006cfb0000 - 0x000000006cfbc000 	C:\Program Files\MATLAB\R2013b\bin\win64\libmwamd.dll
0x000000006cfa0000 - 0x000000006cfab000 	C:\Program Files\MATLAB\R2013b\bin\win64\libmwcolamd.dll
0x000000006cf80000 - 0x000000006cf93000 	C:\Program Files\MATLAB\R2013b\bin\win64\libmwblas.dll
0x000000006cf60000 - 0x000000006cf75000 	C:\Program Files\MATLAB\R2013b\bin\win64\libmwbinder.dll
0x000000006cf50000 - 0x000000006cf5b000 	C:\Program Files\MATLAB\R2013b\bin\win64\libmwompwrapper.dll
0x000000006ced0000 - 0x000000006cf4f000 	C:\Program Files\MATLAB\R2013b\bin\win64\libmwlapack.dll
0x000000006ceb0000 - 0x000000006ced0000 	C:\Program Files\MATLAB\R2013b\bin\win64\m_pcodeio.dll
0x000000006ce50000 - 0x000000006ceac000 	C:\Program Files\MATLAB\R2013b\bin\win64\m_ir.dll
0x00000000059e0000 - 0x0000000006095000 	C:\Program Files\MATLAB\R2013b\bin\win64\m_parser.dll
0x000000006c780000 - 0x000000006c797000 	C:\Program Files\MATLAB\R2013b\bin\win64\ir_xfmr.dll
0x000000006c770000 - 0x000000006c780000 	C:\Program Files\MATLAB\R2013b\bin\win64\mtok.dll
0x000000006c740000 - 0x000000006c768000 	C:\Program Files\MATLAB\R2013b\bin\win64\m_pcodegen.dll
0x000007fef1e20000 - 0x000007fef1f45000 	C:\Windows\system32\dbghelp.dll
0x000000006c710000 - 0x000000006c73f000 	C:\Program Files\MATLAB\R2013b\bin\win64\libmwbridge.dll
0x000000006c650000 - 0x000000006c706000 	C:\Program Files\MATLAB\R2013b\bin\win64\udd.dll
0x00000000060a0000 - 0x00000000061f1000 	C:\Program Files\MATLAB\R2013b\bin\win64\libmwgui.dll
0x000000006c4d0000 - 0x000000006c4f8000 	C:\Program Files\MATLAB\R2013b\bin\win64\graphics_util.dll
0x0000000061ad0000 - 0x0000000061b88000 	C:\Program Files\MATLAB\R2013b\bin\win64\libtex_base.dll
0x000000006bac0000 - 0x000000006c426000 	C:\Program Files\MATLAB\R2013b\bin\win64\hg.dll
0x000000006ba60000 - 0x000000006babd000 	C:\Program Files\MATLAB\R2013b\bin\win64\libmat.dll
0x000000006b850000 - 0x000000006ba58000 	C:\Program Files\MATLAB\R2013b\bin\win64\hdf5dll.dll
0x000000006b780000 - 0x000000006b848000 	C:\Program Files\MATLAB\R2013b\bin\win64\jmi.dll
0x000000006b770000 - 0x000000006b77e000 	C:\Program Files\MATLAB\R2013b\bin\win64\nativejava_services.dll
0x0000000006200000 - 0x0000000006242000 	C:\Program Files\MATLAB\R2013b\bin\win64\libmwhardcopy.dll
0x000000006b6d0000 - 0x000000006b72e000 	C:\Program Files\MATLAB\R2013b\bin\win64\libuij.dll
0x000000006b490000 - 0x000000006b695000 	C:\Program Files\MATLAB\R2013b\bin\win64\hgdatatypes.dll
0x0000000006250000 - 0x0000000006362000 	C:\Program Files\MATLAB\R2013b\bin\win64\hgutils.dll
0x000000006b2f0000 - 0x000000006b39e000 	C:\Program Files\MATLAB\R2013b\bin\win64\udd_mi.dll
0x000000006b2b0000 - 0x000000006b2e6000 	C:\Program Files\MATLAB\R2013b\bin\win64\libmwgbtutils.dll
0x000000006b290000 - 0x000000006b2a3000 	C:\Program Files\MATLAB\R2013b\bin\win64\libmwgbt.dll
0x000000006afc0000 - 0x000000006b28f000 	C:\Program Files\MATLAB\R2013b\bin\win64\uiw.dll
0x000000006afb0000 - 0x000000006afb9000 	C:\Program Files\MATLAB\R2013b\bin\win64\uinone.dll
0x000000006af80000 - 0x000000006afac000 	C:\Program Files\MATLAB\R2013b\bin\win64\libmwnativedialogs.dll
0x000000006af70000 - 0x000000006af7c000 	C:\Program Files\MATLAB\R2013b\bin\win64\libmwplatform_res.dll
0x000007fef4c90000 - 0x000007fef4ca8000 	C:\Windows\system32\MPR.dll
0x0000000061570000 - 0x0000000061acd000 	C:\Program Files\MATLAB\R2013b\bin\win64\mfc100.dll
0x000007fef94e0000 - 0x000007fef94e7000 	C:\Windows\system32\MSIMG32.dll
0x000007fef92f0000 - 0x000007fef9361000 	C:\Windows\system32\WINSPOOL.DRV
0x000000006af50000 - 0x000000006af6d000 	C:\Program Files\MATLAB\R2013b\bin\win64\mwoles05.DLL
0x000000006aee0000 - 0x000000006af4c000 	C:\Program Files\MATLAB\R2013b\bin\win64\comcli.dll
0x0000000061540000 - 0x000000006156b000 	C:\Program Files\MATLAB\R2013b\bin\win64\ATL100.DLL
0x000000006aed0000 - 0x000000006aedc000 	C:\Program Files\MATLAB\R2013b\bin\win64\mlautoregister.dll
0x0000000006370000 - 0x00000000064df000 	C:\Program Files\MATLAB\R2013b\bin\win64\mvm.dll
0x000007fefec20000 - 0x000007fefec4e000 	C:\Windows\system32\IMM32.DLL
0x000007fefd330000 - 0x000007fefd439000 	C:\Windows\system32\MSCTF.dll
0x000007fefcda0000 - 0x000007fefcde0000 	C:\Windows\system32\nvinitx.dll
0x000000000f000000 - 0x000000000f006000 	C:\Program Files\NVIDIA Corporation\CoProcManager\_etoured.dll

VM Arguments:
jvm_args: -XX:PermSize=32m -Xms64m -XX:NewRatio=3 -XX:MaxPermSize=128m -Xmx384m -XX:MaxDirectMemorySize=2147400000 -Dsun.java2d.noddraw=true -Dsun.awt.nopixfmt=true -Xshare:off -Xrs -XX:-UseSplitVerifier -Djava.library.path=C:\Program Files\MATLAB\R2013b\bin\win64;C:\Program Files\MATLAB\R2013b\sys\jxbrowser\win64\lib vfprintf abort -Duser.language=en -Duser.country=US -XX:ParallelGCThreads=6 
java_command: <unknown>
Launcher Type: generic

Environment Variables:
PATH=C:\Program Files\Microsoft HPC Pack 2008\Bin\;C:\Program Files (x86)\NVIDIA Corporation\PhysX\Common;C:\Program Files (x86)\Intel\iCLS Client\;C:\Program Files\Intel\iCLS Client\;C:\Windows\system32;C:\Windows;C:\Windows\System32\Wbem;C:\Windows\System32\WindowsPowerShell\v1.0\;C:\Program Files (x86)\Intel\OpenCL SDK\2.0\bin\x86;C:\Program Files (x86)\Intel\OpenCL SDK\2.0\bin\x64;C:\Program Files\Intel\Intel(R) Management Engine Components\DAL;C:\Program Files\Intel\Intel(R) Management Engine Components\IPT;C:\Program Files (x86)\Intel\Intel(R) Management Engine Components\DAL;C:\Program Files (x86)\Intel\Intel(R) Management Engine Components\IPT;C:\Program Files\MATLAB\R2013b\runtime\win64;C:\Program Files\MATLAB\R2013b\bin
USERNAME=RF
OS=Windows_NT
PROCESSOR_IDENTIFIER=Intel64 Family 6 Model 58 Stepping 9, GenuineIntel



---------------  S Y S T E M  ---------------

OS: Windows 7 , 64 bit Build 7601 Service Pack 1

CPU:total 8 (4 cores per cpu, 2 threads per core) family 6 model 58 stepping 9, cmov, cx8, fxsr, mmx, sse, sse2, sse3, ssse3, sse4.1, sse4.2, popcnt, avx, ht, tsc, tscinvbit, tscinv

Memory: 4k page, physical 8202604k(5451964k free), swap 16403364k(13397424k free)

vm_info: Java HotSpot(TM) 64-Bit Server VM (23.6-b04) for windows-amd64 JRE (1.7.0_11-b21), built on Jan 12 2013 02:38:42 by "java_re" with unknown MS VC++:1600

time: Tue Jul 15 12:11:09 2014
elapsed time: 4987 seconds

